<?xml version="1.0" encoding="UTF-8"?>
<!-- Generated by org.testng.reporters.JUnitReportReporter -->
<testsuite hostname="g14" failures="0" tests="1" name="testCases.TC004_OrderHistoryTest" time="2.663" errors="0" timestamp="2024-09-08T14:57:21 EDT" skipped="0">
  <testcase classname="testCases.TC004_OrderHistoryTest" name="verify_order_history" time="2.663"/>
</testsuite> <!-- testCases.TC004_OrderHistoryTest -->
