<?xml version="1.0" encoding="UTF-8"?>
<!-- Generated by org.testng.reporters.JUnitReportReporter -->
<testsuite hostname="g14" failures="0" tests="1" name="testCases.TC006_E2ETest" time="4.772" errors="0" timestamp="2024-09-14T23:27:12 EDT" skipped="0">
  <testcase classname="testCases.TC006_E2ETest" name="verify_e2e_purchase" time="4.772"/>
</testsuite> <!-- testCases.TC006_E2ETest -->
