<?xml version="1.0" encoding="UTF-8"?>
<!-- Generated by org.testng.reporters.JUnitReportReporter -->
<testsuite hostname="g14" failures="0" tests="2" name="testCases.TC002_LoginTest" time="3.871" errors="0" timestamp="2024-09-07T13:11:54 EDT" skipped="0">
  <testcase classname="testCases.TC002_LoginTest" name="verify_login" time="2.004"/>
  <testcase classname="testCases.TC002_LoginTest" name="verify_login" time="1.867"/>
</testsuite> <!-- testCases.TC002_LoginTest -->
