<?xml version="1.0" encoding="UTF-8"?>
<!-- Generated by org.testng.reporters.JUnitReportReporter -->
<testsuite hostname="g14" failures="0" tests="6" name="testCases.TC003_LoginDDT" time="50.747" errors="0" timestamp="2024-09-01T14:00:29 EDT" skipped="0">
  <testcase classname="testCases.TC003_LoginDDT" name="verify_loginDDT" time="14.281"/>
  <testcase classname="testCases.TC003_LoginDDT" name="verify_loginDDT" time="5.473"/>
  <testcase classname="testCases.TC003_LoginDDT" name="verify_loginDDT" time="5.209"/>
  <testcase classname="testCases.TC003_LoginDDT" name="verify_loginDDT" time="14.108"/>
  <testcase classname="testCases.TC003_LoginDDT" name="verify_loginDDT" time="6.361"/>
  <testcase classname="testCases.TC003_LoginDDT" name="verify_loginDDT" time="5.315"/>
</testsuite> <!-- testCases.TC003_LoginDDT -->
