<?xml version="1.0" encoding="UTF-8"?>
<!-- Generated by org.testng.reporters.JUnitReportReporter -->
<testsuite hostname="g14" failures="0" tests="1" name="testCases.TC004_OrderHistoryTest" time="2.585" errors="0" timestamp="2024-09-11T13:45:30 EDT" skipped="0">
  <testcase classname="testCases.TC004_OrderHistoryTest" name="verify_order_history" time="2.585"/>
</testsuite> <!-- testCases.TC004_OrderHistoryTest -->
