<?xml version="1.0" encoding="UTF-8"?>
<!-- Generated by org.testng.reporters.JUnitReportReporter -->
<testsuite hostname="g14" failures="0" tests="1" name="testCases.TC004_OrderHistoryTest" time="2.638" errors="0" timestamp="2024-09-09T11:16:20 EDT" skipped="0">
  <testcase classname="testCases.TC004_OrderHistoryTest" name="verify_order_history" time="2.638"/>
</testsuite> <!-- testCases.TC004_OrderHistoryTest -->
